{
  "stats": {
    "suites": 3,
    "tests": 6,
    "passes": 6,
    "pending": 0,
    "failures": 0,
    "start": "2021-07-27T14:27:00.199Z",
    "end": "2021-07-27T14:27:46.071Z",
    "duration": 45872,
    "testsRegistered": 6,
    "passPercent": 100,
    "pendingPercent": 0,
    "other": 0,
    "hasOther": false,
    "skipped": 0,
    "hasSkipped": false
  },
  "results": [
    {
      "uuid": "a758a151-12ed-4642-9c32-ebda174f82ef",
      "title": "",
      "fullFile": "cypress/integration/ORBOS/orbctl/orbctl.js",
      "file": "cypress/integration/ORBOS/orbctl/orbctl.js",
      "beforeHooks": [],
      "afterHooks": [],
      "tests": [],
      "suites": [
        {
          "uuid": "dd10c49c-8b7d-4bb3-9f96-4e7a15f6d0c7",
          "title": "install orbctl",
          "fullFile": "",
          "file": "",
          "beforeHooks": [],
          "afterHooks": [],
          "tests": [
            {
              "title": "download orbctl",
              "fullTitle": "install orbctl download orbctl",
              "timedOut": null,
              "duration": 12566,
              "state": "passed",
              "speed": "slow",
              "pass": true,
              "fail": false,
              "pending": false,
              "context": null,
              "code": "cy.exec('bash -c \\\"if [ -f \"./orbctl\" ]; then rm ./orbctl ; fi\\\"').its('code').should('eq', 0);\ncy.exec('curl -s https://api.github.com/repos/caos/orbos/releases/latest | grep \"browser_download_url.*orbctl-$(uname)-$(uname -m)\" | cut -d \\'\\\"\\' -f 4 | wget -i - -O ./orbctl ').its('code').should('eq', 0);\ncy.exec('ls ./orbctl').its('code').should('eq', 0);",
              "err": {},
              "uuid": "a2764d1f-f326-43ab-ac74-77c1da065886",
              "parentUUID": "dd10c49c-8b7d-4bb3-9f96-4e7a15f6d0c7",
              "isHook": false,
              "skipped": false
            },
            {
              "title": "chmod orbctl",
              "fullTitle": "install orbctl chmod orbctl",
              "timedOut": null,
              "duration": 543,
              "state": "passed",
              "speed": "slow",
              "pass": true,
              "fail": false,
              "pending": false,
              "context": null,
              "code": "cy.exec('chmod +x ./orbctl ').its('code').should('eq', 0);",
              "err": {},
              "uuid": "0c7118fc-ef8c-4b1d-8948-a5b6bbacbfe1",
              "parentUUID": "dd10c49c-8b7d-4bb3-9f96-4e7a15f6d0c7",
              "isHook": false,
              "skipped": false
            }
          ],
          "suites": [],
          "passes": [
            "a2764d1f-f326-43ab-ac74-77c1da065886",
            "0c7118fc-ef8c-4b1d-8948-a5b6bbacbfe1"
          ],
          "failures": [],
          "pending": [],
          "skipped": [],
          "duration": 13109,
          "root": false,
          "rootEmpty": false,
          "_timeout": 2000
        },
        {
          "uuid": "6abdcecc-05b8-4f50-a836-70947c9b800d",
          "title": "orbctl configure",
          "fullFile": "",
          "file": "",
          "beforeHooks": [],
          "afterHooks": [],
          "tests": [
            {
              "title": "orbctl configure",
              "fullTitle": "orbctl configure orbctl configure",
              "timedOut": null,
              "duration": 18215,
              "state": "passed",
              "speed": "slow",
              "pass": true,
              "fail": false,
              "pending": false,
              "context": null,
              "code": "cy.exec('$orbCtl --gitops --orbconfig $orbConfig --disable-analytics configure --repourl $repoUrl --masterkey \"$(openssl rand -base64 21)\"', {\n  setTimeout: 20000,\n  env: {\n    orbCtl: Cypress.env(\"orbCtl\"),\n    orbConfig: Cypress.env(\"orbConfig\"),\n    repoUrl: Cypress.env(\"repoUrl\")\n  }\n}).then(result => {\n  cy.log(result.stdout);\n  cy.log(result.stderr);\n}).its('code').should('eq', 0);",
              "err": {},
              "uuid": "68e3a271-52e9-48a1-8194-ad02df8b0ca3",
              "parentUUID": "6abdcecc-05b8-4f50-a836-70947c9b800d",
              "isHook": false,
              "skipped": false
            }
          ],
          "suites": [],
          "passes": [
            "68e3a271-52e9-48a1-8194-ad02df8b0ca3"
          ],
          "failures": [],
          "pending": [],
          "skipped": [],
          "duration": 18215,
          "root": false,
          "rootEmpty": false,
          "_timeout": 2000
        },
        {
          "uuid": "28bcd846-f73f-4f39-8bd6-518c8c15a1f1",
          "title": "orbctl tests",
          "fullFile": "",
          "file": "",
          "beforeHooks": [],
          "afterHooks": [],
          "tests": [
            {
              "title": "orbctl help",
              "fullTitle": "orbctl tests orbctl help",
              "timedOut": null,
              "duration": 676,
              "state": "passed",
              "speed": "slow",
              "pass": true,
              "fail": false,
              "pending": false,
              "context": null,
              "code": "cy.exec('$orbCtl --gitops --orbconfig $orbConfig --disable-analytics  help ', {\n  setTimeout: 20000,\n  env: {\n    orbCtl: Cypress.env(\"orbCtl\"),\n    orbConfig: Cypress.env(\"orbConfig\")\n  }\n}).then(result => {\n  //return JSON.parse(result.stdout)\n  cy.log(result.stdout);\n  cy.log(result.stderr); //return String.parse(result.stdout)\n}).its('code').should('eq', 0);",
              "err": {},
              "uuid": "e25fe0a2-7280-497b-82d2-5c508730e6e4",
              "parentUUID": "28bcd846-f73f-4f39-8bd6-518c8c15a1f1",
              "isHook": false,
              "skipped": false
            },
            {
              "title": "orbctl writesecret",
              "fullTitle": "orbctl tests orbctl writesecret",
              "timedOut": null,
              "duration": 6846,
              "state": "passed",
              "speed": "slow",
              "pass": true,
              "fail": false,
              "pending": false,
              "context": null,
              "code": "cy.exec('$orbCtl --gitops --orbconfig $orbConfig --disable-analytics  writesecret boom.monitoring.admin.password.encrypted --value $testPassword', {\n  setTimeout: 20000,\n  env: {\n    orbCtl: Cypress.env(\"orbCtl\"),\n    orbConfig: Cypress.env(\"orbConfig\"),\n    testPassword: Cypress.env(\"testPassword\")\n  }\n}).then(result => {\n  cy.log(result.stdout);\n  cy.log(result.stderr);\n}).its('code').should('eq', 0);",
              "err": {},
              "uuid": "513289e8-f21c-4adf-9ca5-eca3fe1d3ae8",
              "parentUUID": "28bcd846-f73f-4f39-8bd6-518c8c15a1f1",
              "isHook": false,
              "skipped": false
            },
            {
              "title": "orbctl readsecret",
              "fullTitle": "orbctl tests orbctl readsecret",
              "timedOut": null,
              "duration": 6879,
              "state": "passed",
              "speed": "slow",
              "pass": true,
              "fail": false,
              "pending": false,
              "context": null,
              "code": "cy.exec('$orbCtl --gitops --orbconfig $orbConfig --disable-analytics  readsecret boom.monitoring.admin.password.encrypted', {\n  setTimeout: 20000,\n  env: {\n    orbCtl: Cypress.env(\"orbCtl\"),\n    orbConfig: Cypress.env(\"orbConfig\"),\n    testPassword: Cypress.env(\"testPassword\")\n  }\n}).then(result => {\n  return result.stdout;\n}).then(returnpw => {\n  expect(returnpw).to.eq(Cypress.env(\"testPassword\"));\n});",
              "err": {},
              "uuid": "547c2272-f243-49aa-b3d5-666aa4ae77b5",
              "parentUUID": "28bcd846-f73f-4f39-8bd6-518c8c15a1f1",
              "isHook": false,
              "skipped": false
            }
          ],
          "suites": [],
          "passes": [
            "e25fe0a2-7280-497b-82d2-5c508730e6e4",
            "513289e8-f21c-4adf-9ca5-eca3fe1d3ae8",
            "547c2272-f243-49aa-b3d5-666aa4ae77b5"
          ],
          "failures": [],
          "pending": [],
          "skipped": [],
          "duration": 14401,
          "root": false,
          "rootEmpty": false,
          "_timeout": 2000
        }
      ],
      "passes": [],
      "failures": [],
      "pending": [],
      "skipped": [],
      "duration": 0,
      "root": true,
      "rootEmpty": true,
      "_timeout": 2000
    }
  ],
  "meta": {
    "mocha": {
      "version": "7.0.1"
    },
    "mochawesome": {
      "options": {
        "quiet": false,
        "reportFilename": "mochawesome",
        "saveHtml": false,
        "saveJson": true,
        "consoleReporter": "spec",
        "useInlineDiffs": false,
        "code": true
      },
      "version": "6.2.2"
    },
    "marge": {
      "options": {
        "reportDir": "cypress/results",
        "overwrite": false,
        "html": false,
        "json": true
      },
      "version": "5.2.0"
    }
  }
}